<?xml version="1.0" encoding="UTF-8"?>
<!-- Generated by org.testng.reporters.JUnitReportReporter -->
<testsuite skipped="0" hostname="MDLT032" name="com.notepad.test.Notepad" tests="2" failures="0" timestamp="2020-05-26T19:17:01 IST" time="12.738" errors="0">
  <testcase name="sampleTest" time="4.592" classname="com.notepad.test.Notepad"/>
  <system-out/>
  <testcase name="sampleTest1" time="8.146" classname="com.notepad.test.Notepad"/>
  <system-out/>
</testsuite> <!-- com.notepad.test.Notepad -->
