<?xml version="1.0" encoding="UTF-8"?>
<!-- Generated by org.testng.reporters.JUnitReportReporter -->
<testsuite skipped="0" hostname="DG-PC" name="com.appium.test.Univtestng" tests="1" failures="0" timestamp="2020-05-22T15:50:09 IST" time="8.322" errors="0">
  <testcase name="sampleTest" time="8.322" classname="com.appium.test.Univtestng"/>
</testsuite> <!-- com.appium.test.Univtestng -->
