<?xml version="1.0" encoding="UTF-8"?>
<!-- Generated by org.testng.reporters.JUnitReportReporter -->
<testsuite hostname="DESKTOP-PCRDTAN" failures="0" tests="1" name="com.appium.test.Gnucash" time="26.745" errors="0" timestamp="2020-05-22T19:54:48 IST" skipped="0">
  <testcase classname="com.appium.test.Gnucash" name="withoutDataProvider" time="26.745"/>
</testsuite> <!-- com.appium.test.Gnucash -->
