<?xml version="1.0" encoding="UTF-8"?>
<!-- Generated by org.testng.reporters.JUnitReportReporter -->
<testsuite hostname="DESKTOP-PCRDTAN" failures="0" tests="3" name="com.appium.test.EriBank" time="30.153" errors="0" timestamp="2020-05-21T17:00:08 IST" skipped="0">
  <testcase classname="com.appium.test.EriBank" name="sampleTest" time="9.883"/>
  <system-out/>
  <testcase classname="com.appium.test.EriBank" name="sampleTest" time="8.963"/>
  <system-out/>
  <testcase classname="com.appium.test.EriBank" name="sampleTest" time="11.307"/>
  <system-out/>
</testsuite> <!-- com.appium.test.EriBank -->
