<?xml version="1.0" encoding="UTF-8"?>
<!-- Generated by org.testng.reporters.JUnitReportReporter -->
<testsuite skipped="0" hostname="DG-PC" name="com.appium.test.Univtestng" tests="1" failures="0" timestamp="2020-05-22T16:14:31 IST" time="7.907" errors="0">
  <testcase name="sampleTest" time="7.907" classname="com.appium.test.Univtestng"/>
</testsuite> <!-- com.appium.test.Univtestng -->
