<?xml version="1.0" encoding="UTF-8"?>
<!-- Generated by org.testng.reporters.JUnitReportReporter -->
<testsuite skipped="0" hostname="MDLT032" name="com.notepad.test.Notepad" tests="2" failures="0" timestamp="2020-05-26T16:20:18 IST" time="34.813" errors="0">
  <testcase name="sampleTest" time="16.391" classname="com.notepad.test.Notepad"/>
  <system-out/>
  <testcase name="sampleTest1" time="18.422" classname="com.notepad.test.Notepad"/>
  <system-out/>
</testsuite> <!-- com.notepad.test.Notepad -->
