<?xml version="1.0" encoding="UTF-8"?>
<!-- Generated by org.testng.reporters.JUnitReportReporter -->
<testsuite skipped="0" hostname="user-PC" name="com.appium.test.Calcgayathri" tests="1" failures="0" timestamp="2020-05-28T14:08:24 IST" time="5.763" errors="0">
  <testcase name="sampleTest" time="5.763" classname="com.appium.test.Calcgayathri"/>
</testsuite> <!-- com.appium.test.Calcgayathri -->
