<?xml version="1.0" encoding="UTF-8"?>
<!-- Generated by org.testng.reporters.JUnitReportReporter -->
<testsuite hostname="DESKTOP-PCRDTAN" failures="0" tests="4" name="com.appium.test.SwethaTasty" time="95.645" errors="0" timestamp="2020-05-22T19:28:58 IST" skipped="0">
  <testcase classname="com.appium.test.SwethaTasty" name="sampleTest" time="21.353"/>
  <testcase classname="com.appium.test.SwethaTasty" name="sampleTest" time="24.506"/>
  <testcase classname="com.appium.test.SwethaTasty" name="sampleTest" time="31.454"/>
  <testcase classname="com.appium.test.SwethaTasty" name="sampleTest" time="18.332"/>
</testsuite> <!-- com.appium.test.SwethaTasty -->
