<?xml version="1.0" encoding="UTF-8"?>
<!-- Generated by org.testng.reporters.JUnitReportReporter -->
<testsuite hostname="DESKTOP-6H1AKP0" name="com.appium.test.WheelSize" tests="3" failures="0" timestamp="26 May 2020 08:36:28 GMT" time="191.959" errors="0">
  <testcase name="rateTestExecution" time="56.377" classname="com.appium.test.WheelSize"/>
  <testcase name="searchWheelSize" time="102.399" classname="com.appium.test.WheelSize"/>
  <testcase name="searchWheelSize" time="33.183" classname="com.appium.test.WheelSize"/>
</testsuite> <!-- com.appium.test.WheelSize -->
