<?xml version="1.0" encoding="UTF-8"?>
<!-- Generated by org.testng.reporters.JUnitReportReporter -->
<testsuite hostname="MAVBCP402" failures="0" tests="4" name="com.appium.test.SwethaTasty" time="58.679" errors="0" timestamp="2020-05-27T20:47:21 IST" skipped="0">
  <testcase classname="com.appium.test.SwethaTasty" name="sampleTest" time="15.287"/>
  <testcase classname="com.appium.test.SwethaTasty" name="sampleTest" time="15.455"/>
  <testcase classname="com.appium.test.SwethaTasty" name="sampleTest" time="12.006"/>
  <testcase classname="com.appium.test.SwethaTasty" name="sampleTest" time="15.931"/>
</testsuite> <!-- com.appium.test.SwethaTasty -->
