<?xml version="1.0" encoding="UTF-8"?>
<!-- Generated by org.testng.reporters.JUnitReportReporter -->
<testsuite hostname="DESKTOP-PCRDTAN" failures="0" tests="4" name="com.appium.test.wordweb_Mohan" time="100.781" errors="0" timestamp="2020-05-22T19:28:58 IST" skipped="0">
  <testcase classname="com.appium.test.wordweb_Mohan" name="Wordweb" time="18.955"/>
  <testcase classname="com.appium.test.wordweb_Mohan" name="Wordweb" time="26.516"/>
  <testcase classname="com.appium.test.wordweb_Mohan" name="Wordweb" time="21.614"/>
  <testcase classname="com.appium.test.wordweb_Mohan" name="Wordweb" time="33.696"/>
</testsuite> <!-- com.appium.test.wordweb_Mohan -->
