<?xml version="1.0" encoding="UTF-8"?>
<!-- Generated by org.testng.reporters.JUnitReportReporter -->
<testsuite hostname="DESKTOP-PCRDTAN" failures="0" tests="14" name="com.appium.test.wordweb_Mohan" time="356.009" errors="0" timestamp="2020-05-22T12:56:38 IST" skipped="0">
  <testcase classname="com.appium.test.wordweb_Mohan" name="Wordweb" time="23.326"/>
  <system-out/>
  <testcase classname="com.appium.test.wordweb_Mohan" name="Wordweb" time="27.016"/>
  <system-out/>
  <testcase classname="com.appium.test.wordweb_Mohan" name="Wordweb" time="20.639"/>
  <system-out/>
  <testcase classname="com.appium.test.wordweb_Mohan" name="Wordweb" time="21.073"/>
  <system-out/>
  <testcase classname="com.appium.test.wordweb_Mohan" name="Wordweb" time="22.902"/>
  <system-out/>
  <testcase classname="com.appium.test.wordweb_Mohan" name="Wordweb" time="47.058"/>
  <system-out/>
  <testcase classname="com.appium.test.wordweb_Mohan" name="Wordweb" time="24.004"/>
  <system-out/>
  <testcase classname="com.appium.test.wordweb_Mohan" name="Wordweb" time="22.920"/>
  <system-out/>
  <testcase classname="com.appium.test.wordweb_Mohan" name="Wordweb" time="34.259"/>
  <system-out/>
  <testcase classname="com.appium.test.wordweb_Mohan" name="Wordweb" time="21.994"/>
  <system-out/>
  <testcase classname="com.appium.test.wordweb_Mohan" name="Wordweb" time="25.859"/>
  <system-out/>
  <testcase classname="com.appium.test.wordweb_Mohan" name="Wordweb" time="21.739"/>
  <system-out/>
  <testcase classname="com.appium.test.wordweb_Mohan" name="Wordweb" time="20.421"/>
  <system-out/>
  <testcase classname="com.appium.test.wordweb_Mohan" name="Wordweb" time="22.799"/>
  <system-out/>
</testsuite> <!-- com.appium.test.wordweb_Mohan -->
