<?xml version="1.0" encoding="UTF-8"?>
<!-- Generated by org.testng.reporters.JUnitReportReporter -->
<<<<<<< HEAD
<testsuite hostname="DESKTOP-PCRDTAN" failures="0" tests="5" name="com.appium.test.EmiCalculatorKevin" time="157.158" errors="0" timestamp="2020-05-22T19:54:48 IST" skipped="0">
  <testcase classname="com.appium.test.EmiCalculatorKevin" name="sampleTest" time="32.707"/>
  <testcase classname="com.appium.test.EmiCalculatorKevin" name="sampleTest" time="26.262"/>
  <testcase classname="com.appium.test.EmiCalculatorKevin" name="sampleTest" time="33.052"/>
  <testcase classname="com.appium.test.EmiCalculatorKevin" name="sampleTest" time="32.146"/>
  <testcase classname="com.appium.test.EmiCalculatorKevin" name="sampleTest" time="32.991"/>
=======
<testsuite hostname="LAPTOP-VU9JH5KI" failures="0" tests="7" name="com.appium.test.EmiCalculatorKevin" time="464.100" errors="0" timestamp="2020-05-26T15:24:18 IST" skipped="1">
  <testcase classname="com.appium.test.EmiCalculatorKevin" name="sampleTest" time="66.812"/>
  <system-out/>
  <testcase classname="com.appium.test.EmiCalculatorKevin" name="sampleTest" time="52.353"/>
  <system-out/>
  <testcase classname="com.appium.test.EmiCalculatorKevin" name="sampleTest" time="71.397"/>
  <system-out/>
  <testcase classname="com.appium.test.EmiCalculatorKevin" name="sampleTest" time="75.767"/>
  <system-out/>
  <testcase classname="com.appium.test.EmiCalculatorKevin" name="sampleTest2" time="129.800"/>
  <system-out/>
  <testcase classname="com.appium.test.EmiCalculatorKevin" name="sampleTest" time="67.971"/>
  <system-out/>
  <testcase classname="com.appium.test.EmiCalculatorKevin" name="sampleTest3">
    <skipped/>
  </testcase> <!-- sampleTest3 -->
  <system-out/>
>>>>>>> origin/Kevinrynjah
</testsuite> <!-- com.appium.test.EmiCalculatorKevin -->
