<?xml version="1.0" encoding="UTF-8"?>
<!-- Generated by org.testng.reporters.JUnitReportReporter -->
<testsuite hostname="LAPTOP-VU9JH5KI" failures="0" tests="1" name="com.appium.test.EmiCalculatorKevin" time="30.974" errors="0" timestamp="2020-05-22T13:42:52 IST" skipped="0">
  <testcase classname="com.appium.test.EmiCalculatorKevin" name="sampleTest" time="30.974"/>
  <system-out/>
</testsuite> <!-- com.appium.test.EmiCalculatorKevin -->
