<?xml version="1.0" encoding="UTF-8"?>
<!-- Generated by org.testng.reporters.JUnitReportReporter -->
<testsuite hostname="DESKTOP-PCRDTAN" failures="0" tests="3" name="com.appium.test.NewTest" time="0.035" errors="0" timestamp="2020-05-21T15:16:45 IST" skipped="0">
  <testcase classname="com.appium.test.NewTest" name="f" time="0.011"/>
  <system-out/>
  <testcase classname="com.appium.test.NewTest" name="f" time="0.018"/>
  <system-out/>
  <testcase classname="com.appium.test.NewTest" name="f" time="0.006"/>
  <system-out/>
</testsuite> <!-- com.appium.test.NewTest -->
