<?xml version="1.0" encoding="UTF-8"?>
<!-- Generated by org.testng.reporters.JUnitReportReporter -->
<testsuite skipped="0" hostname="MDLT032" name="com.notepad.test.Notepad" tests="2" failures="0" timestamp="2020-05-22T20:03:18 IST" time="72.879" errors="0">
  <testcase name="sampleTest" time="38.400" classname="com.notepad.test.Notepad"/>
  <system-out/>
  <testcase name="sampleTest" time="34.479" classname="com.notepad.test.Notepad"/>
  <system-out/>
</testsuite> <!-- com.notepad.test.Notepad -->
