<?xml version="1.0" encoding="UTF-8"?>
<!-- Generated by org.testng.reporters.JUnitReportReporter -->
<testsuite hostname="DESKTOP-PCRDTAN" failures="0" tests="5" name="com.appium.test.EmiCalculatorKevin" time="153.910" errors="0" timestamp="2020-05-22T19:28:58 IST" skipped="0">
  <testcase classname="com.appium.test.EmiCalculatorKevin" name="sampleTest" time="25.484"/>
  <testcase classname="com.appium.test.EmiCalculatorKevin" name="sampleTest" time="31.494"/>
  <testcase classname="com.appium.test.EmiCalculatorKevin" name="sampleTest" time="31.953"/>
  <testcase classname="com.appium.test.EmiCalculatorKevin" name="sampleTest" time="33.574"/>
  <testcase classname="com.appium.test.EmiCalculatorKevin" name="sampleTest" time="31.405"/>
</testsuite> <!-- com.appium.test.EmiCalculatorKevin -->
