<?xml version="1.0" encoding="UTF-8"?>
<!-- Generated by org.testng.reporters.JUnitReportReporter -->
<testsuite hostname="MAVBCP402" failures="0" tests="4" name="com.appium.test.SwethaTasty" time="68.749" errors="0" timestamp="2020-05-22T16:20:16 IST" skipped="0">
  <testcase classname="com.appium.test.SwethaTasty" name="sampleTest" time="17.548"/>
  <system-out/>
  <testcase classname="com.appium.test.SwethaTasty" name="sampleTest" time="16.534"/>
  <system-out/>
  <testcase classname="com.appium.test.SwethaTasty" name="sampleTest" time="17.879"/>
  <system-out/>
  <testcase classname="com.appium.test.SwethaTasty" name="sampleTest" time="16.788"/>
  <system-out/>
</testsuite> <!-- com.appium.test.SwethaTasty -->
