<?xml version="1.0" encoding="UTF-8"?>
<!-- Generated by org.testng.reporters.JUnitReportReporter -->
<testsuite hostname="DESKTOP-PCRDTAN" failures="0" tests="5" name="com.appium.test.EmiCalculatorKevin" time="157.158" errors="0" timestamp="2020-05-22T19:54:48 IST" skipped="0">
  <testcase classname="com.appium.test.EmiCalculatorKevin" name="sampleTest" time="32.707"/>
  <testcase classname="com.appium.test.EmiCalculatorKevin" name="sampleTest" time="26.262"/>
  <testcase classname="com.appium.test.EmiCalculatorKevin" name="sampleTest" time="33.052"/>
  <testcase classname="com.appium.test.EmiCalculatorKevin" name="sampleTest" time="32.146"/>
  <testcase classname="com.appium.test.EmiCalculatorKevin" name="sampleTest" time="32.991"/>
</testsuite> <!-- com.appium.test.EmiCalculatorKevin -->
