<?xml version="1.0" encoding="UTF-8"?>
<!-- Generated by org.testng.reporters.JUnitReportReporter -->
<testsuite skipped="0" hostname="DG-PC" name="com.appium.test.Univtestng" tests="2" failures="0" timestamp="2020-05-22T17:02:31 IST" time="19.438" errors="0">
  <testcase name="sampleTest" time="11.988" classname="com.appium.test.Univtestng"/>
  <testcase name="sampleTest" time="7.450" classname="com.appium.test.Univtestng"/>
</testsuite> <!-- com.appium.test.Univtestng -->
